Command line:
   register_reader_i2c_register_reader_i2c_sch_tb_isim_beh.exe
     -simmode  gui
     -simrunnum  0
     -socket  57313

Sat Apr 13 19:51:34 2019


 Elaboration Time: 0.02 sec

 Current Memory Usage: 199.168 Meg

 Total Signals          : 1263
 Total Nets             : 488
 Total Signal Drivers   : 309
 Total Blocks           : 223
 Total Primitive Blocks : 220
 Total Processes        : 293
 Total Traceable Variables  : 414
 Total Scalar Nets and Variables : 8335
Total Line Count : 1057

 Total Simulation Time: 0.04 sec

 Current Memory Usage: 274.67 Meg

Sat Apr 13 19:53:31 2019

